PROBLEM HERE
1 : A writing workshop enrolls novelists and poets in a ratio of 5 to 3.
Quantities : [[ratio[= 5.0][= 3.0]]:(61, 67)]
Gold : 
Equation : VAR_V1 EQ NUM_1.66666 MUL VAR_V2 VarTokens : [{V2=[6], V1=[4]}]
Gold weight : -0.9410697
Pred : 
Equation : VAR_V1 ADD VAR_V2 EQ NUM_1.6666666666666667 VarTokens : [{V2=[6], V1=[3]}]
Pred weight : -1.4193804
Loss : 9.0
43 : A total of 10,000 dollars was invested in two bond mutual funds , a junk bond fund and a government bond fund.
Quantities : [[= 10000.0 Unit :US$ Phrase: 10000 dollars ]:(11, 17), [= 2.0 Unit :bond Phrase: two bond ]:(11, 17)]
Gold : 
Equation : VAR_V1 ADD VAR_V2 EQ NUM_10000.0 VarTokens : [{V2=[9, 10, 11], V1=[9, 10, 11]}]
Gold weight : -0.8497923
Pred : 
Equation : NUM_10000.0 EQ VAR_V1 ADD VAR_V2 VarTokens : [{V2=[20], V1=[11]}]
Pred weight : 7.3193874
Loss : 1.0
69 : Flying with the wind , a bird was able to make 150 kilometers per hour.
Quantities : [[= 150.0 Unit : kilometers per hour   Phrase: 150 kilometers per hour ]:(47, 70)]
Gold : 
Equation : VAR_V1 ADD VAR_V2 EQ NUM_150.0 VarTokens : [{V2=[6], V1=[3]}]
Gold weight : -2.014385
Pred : 
Equation : VAR_V2 SUB VAR_V1 EQ NUM_150.0 VarTokens : [{V2=[6], V1=[0]}]
Pred weight : 1.227093
Loss : 5.0
123 : There are 301 apples and oranges all together.
Quantities : [[= 301.0 Unit : apples   Phrase: 301 apples ]:(10, 20)]
Gold : 
Equation : VAR_V1 ADD VAR_V2 EQ NUM_301.0 VarTokens : [{V2=[5], V1=[3]}]
Gold weight : -1.2053077
Pred : 
Equation : NUM_301.0 MUL VAR_V1 EQ VAR_V2 VarTokens : [{V2=[3], V1=[3]}]
Pred weight : 0.3820871
Loss : 9.0
131 : 0.20 of a number decreased by 4 is equal to 6.
Quantities : [[= 0.2 Unit :   Phrase: 0.20 ]:(0, 4), [= 4.0 Unit :   Phrase: 4 ]:(30, 31), [= 6.0 Unit :   Phrase: 6 ]:(44, 45)]
Gold : 
Equation : NUM_0.2 MUL VAR_V1 SUB NUM_4.0 EQ NUM_6.0 VarTokens : [{V1=[3]}]
Gold weight : 0.82785606
Pred : 
Equation : NUM_0.2 MUL VAR_V1 ADD NUM_4.0 EQ NUM_6.0 VarTokens : [{V1=[3]}]
Pred weight : 5.788926
Loss : 4.0
185 : A swim team has 5 times as many girls as boys.
Quantities : [[= 5.0 Unit : times   Phrase: 5 times ]:(16, 23)]
Gold : 
Equation : VAR_V1 DIV NUM_5.0 EQ VAR_V2 VarTokens : [{V2=[10], V1=[8]}]
Gold weight : -3.0421383
Pred : 
Equation : VAR_V1 DIV NUM_5.0 EQ VAR_V2 VarTokens : [{V2=[8], V1=[8]}]
Pred weight : 3.2415807
Loss : 1.0
201 : There are 5 fewer girls than boys.
Quantities : [[< 5.0 Unit : girls   Phrase: 5 fewer girls ]:(10, 23)]
Gold : 
Equation : VAR_V1 SUB NUM_5.0 EQ VAR_V2 VarTokens : [{V2=[4], V1=[6]}]
Gold weight : -3.4297047
Pred : 
Equation : NUM_5.0 EQ VAR_V1 ADD VAR_V2 VarTokens : [{V2=[6], V1=[3]}]
Pred weight : 1.6068883
Loss : 9.0
207 : The trailer weighs 200 pounds less than 0.5 as much as the truck.
Quantities : [[< 200.0 Unit : pounds   Phrase: 200 pounds less ]:(19, 34), [= 0.5 Unit : as much   Phrase: 0.5 as much ]:(40, 51)]
Gold : 
Equation : VAR_V1 EQ NUM_0.5 MUL VAR_V2 SUB NUM_200.0 VarTokens : [{V2=[12], V1=[1, 2]}]
Gold weight : 0.9865545
Pred : 
Equation : NUM_0.5 MUL VAR_V1 SUB NUM_200.0 EQ VAR_V2 VarTokens : [{V2=[12], V1=[12]}]
Pred weight : 7.5577455
Loss : 1.0
275 : In a given day , the mill turns out three times as many units of plywood as lumber.
Quantities : [[= 3.0 Unit :times Phrase: three times ]:(36, 47)]
Gold : 
Equation : VAR_V1 DIV NUM_3.0 EQ VAR_V2 VarTokens : [{V2=[13, 15], V1=[17]}]
Gold weight : -2.7242844
Pred : 
Equation : VAR_V1 EQ NUM_3.0 MUL VAR_V2 VarTokens : [{V2=[13], V1=[2]}]
Pred weight : 1.7234625
Loss : 6.0
285 : The difference between 3 times a number and 1 is the same as twice a number. 
Quantities : [[= 3.0 Unit : times   Phrase: 3 times ]:(23, 30), [= 1.0 Unit :   Phrase: 1 ]:(44, 45), [= 2.0 Unit : Phrase: twice ]:(61, 66)]
Gold : 
Equation : NUM_3.0 MUL VAR_V1 SUB NUM_1.0 EQ NUM_2.0 MUL VAR_V2 VarTokens : [{V2=[15], V1=[6]}]
Gold weight : -1.2161586
Pred : 
Equation : NUM_3.0 MUL VAR_V1 SUB NUM_1.0 EQ NUM_2.0 VarTokens : [{V1=[6]}]
Pred weight : 10.474638
Loss : 8.0
299 : The ratio of boys to girls is 9 to 4.
Quantities : [[ratio[= 9.0][= 4.0]]:(30, 36)]
Gold : 
Equation : VAR_V1 EQ NUM_2.25 MUL VAR_V2 VarTokens : [{V2=[5], V1=[3]}]
Gold weight : 0.24843526
Pred : 
Equation : VAR_V1 ADD VAR_V2 EQ NUM_2.25 VarTokens : [{V2=[3], V1=[3]}]
Pred weight : 2.5238633
Loss : 9.0
379 : She knows that for every 2 cans of tomato soup she sells , she will sell 4 cans of chili beans.
Quantities : [[= 2.0 Unit : cans   Phrase: every 2 cans ]:(19, 31), [= 4.0 Unit : cans   Phrase: 4 cans ]:(73, 79)]
Gold : 
Equation : VAR_V1 DIV NUM_2.0 EQ VAR_V2 DIV NUM_4.0 VarTokens : [{V2=[17, 19, 20], V1=[6, 8, 9]}]
Gold weight : -4.8482428
Pred : 
Equation : NUM_2.0 MUL VAR_V1 EQ NUM_4.0 MUL VAR_V2 VarTokens : [{V2=[17], V1=[6]}]
Pred weight : 3.23865
Loss : 8.0
395 : There were 11 more Republicans than Democrats.
Quantities : [[> 11.0 Unit : republicans   Phrase: 11 more republicans ]:(11, 30)]
Gold : 
Equation : VAR_V1 EQ VAR_V2 ADD NUM_11.0 VarTokens : [{V2=[6], V1=[4]}]
Gold weight : -0.94404787
Pred : 
Equation : NUM_11.0 ADD VAR_V1 EQ VAR_V2 VarTokens : [{V2=[6], V1=[6]}]
Pred weight : 3.2169545
Loss : 1.0
447 : There are 69 more girls than boys.
Quantities : [[> 69.0 Unit : girls   Phrase: 69 more girls ]:(10, 23)]
Gold : 
Equation : VAR_V1 ADD NUM_69.0 EQ VAR_V2 VarTokens : [{V2=[4], V1=[6]}]
Gold weight : -0.72067726
Pred : 
Equation : VAR_V1 EQ NUM_69.0 ADD VAR_V2 VarTokens : [{V2=[6], V1=[1]}]
Pred weight : 4.009053
Loss : 1.0
550 : A bicycle and a bicycle helmet cost 240 dollars.
Quantities : [[= 240.0 Unit :US$ Phrase: 240 dollars ]:(36, 47)]
Gold : 
Equation : VAR_V1 ADD VAR_V2 EQ NUM_240.0 VarTokens : [{V2=[4], V1=[1]}]
Gold weight : -2.0496333
Pred : 
Equation : VAR_V1 ADD VAR_V2 EQ NUM_240.0 VarTokens : [{V2=[5], V1=[1]}]
Pred weight : 1.560291
Loss : 1.0
999036 : Japan's Topix down 0.1% at 1,506.39 in early moves.
Quantities : [[= 0.001 Unit :percent Phrase: 0.1 % ]:(19, 23), [= 1506.39 Unit :   Phrase: 1506.39 ]:(27, 35), [= 1.0 Unit :early moves Phrase: early moves ]:(27, 35)]
Gold : 
Equation : VAR_V1 SUB NUM_0.001 MUL VAR_V2 EQ NUM_1506.39 VarTokens : [{V2=[0, 2], V1=[0, 2]}]
Gold weight : 7.682931
Pred : 
Equation : VAR_V1 ADD VAR_V2 MUL NUM_0.001 EQ NUM_1506.39 VarTokens : [{V2=[0], V1=[0]}]
Pred weight : 14.14381
Loss : 4.0
PROBLEM HERE
999080 : U.S. jobless claims drop 21,000 to 283,000.
Quantities : [[= 21000.0 Unit :   Phrase: 21000 ]:(25, 31), [= 283000.0 Unit :   Phrase: 283000 ]:(25, 31)]
Gold : 
Equation : VAR_V1 EQ NUM_283000.0 SUB NUM_21000.0 VarTokens : [{V2=[0, 1, 2, 3], V1=[0, 1, 2, 3]}]
Gold weight : 0.26774973
Pred : 
Equation : VAR_V1 EQ NUM_283000.0 SUB NUM_21000.0 VarTokens : [{V1=[0]}]
Pred weight : -0.60917044
Loss : 4.0
999092 : Germany's DAX opens 0.3% lower at 10,927.16.
Quantities : [[< 0.003 Unit :percent Phrase: 0.3 % lower ]:(20, 30), [= 10927.16 Unit :   Phrase: 10927.16 ]:(34, 43)]
Gold : 
Equation : VAR_V1 SUB NUM_0.003 MUL VAR_V2 EQ NUM_10927.16 VarTokens : [{V2=[0, 2], V1=[0, 2]}]
Gold weight : 0.60280037
Pred : 
Equation : VAR_V1 ADD VAR_V2 MUL NUM_0.003 EQ NUM_10927.16 VarTokens : [{V2=[0], V1=[0]}]
Pred weight : 16.271072
Loss : 4.0
999098 : April gold up $14.90, to $1215.10 an ounce.
Quantities : [[= 14.9 Unit :US$ Phrase: $ 14.90 ]:(14, 20), [= 1215.1 Unit :US$ Phrase: $ 1215.10 an ounce ]:(25, 42)]
Gold : 
Equation : VAR_V1 EQ NUM_1215.1 SUB NUM_14.9 VarTokens : [{V2=[0, 1], V1=[0, 1]}]
Gold weight : 1.2181854
Pred : 
Equation : VAR_V1 ADD VAR_V2 ADD NUM_14.9 EQ NUM_1215.1 VarTokens : [{V2=[1], V1=[0]}]
Pred weight : 3.917065
Loss : 8.0
Accuracy : = 60.0 / 79 = 0.759493670886076
Mistakes : [[550, 275, 1, 69, 999080, 207, 201, 447, 43, 131, 285, 379, 395, 999098, 185, 999036, 299, 123, 999092]]
97 : At today 's matinee , there are 20 more children than adults.
Quantities : [[> 20.0 Unit :  Phrase: 20 more ]:(32, 39)]
Gold : 
Equation : VAR_V1 EQ VAR_V2 ADD NUM_20.0 VarTokens : [{V2=[11], V1=[9]}]
Gold weight : -0.7412807
Pred : 
Equation : NUM_20.0 ADD VAR_V1 EQ VAR_V2 VarTokens : [{V2=[9], V1=[9]}]
Pred weight : 3.2512019
Loss : 1.0
127 : Kevin bought 3 muffins and a bottle of juice that cost 1.45 dollars.
Quantities : [[= 3.0 Unit : muffins   Phrase: 3 muffins ]:(13, 22), [= 1.45 Unit :US$ Phrase: 1.45 dollars ]:(55, 67)]
Gold : 
Equation : VAR_V1 EQ NUM_3.0 MUL VAR_V2 ADD NUM_1.45 VarTokens : [{V2=[3], V1=[0, 1]}]
Gold weight : 1.7208526
Pred : 
Equation : NUM_3.0 MUL VAR_V1 ADD VAR_V2 EQ NUM_1.45 VarTokens : [{V2=[8], V1=[3]}]
Pred weight : 7.2495184
Loss : 9.0
179 : There are twice as many children as adults in the group.
Quantities : [[= 2.0 Unit : Phrase: twice ]:(10, 15)]
Gold : 
Equation : VAR_V1 DIV NUM_2.0 EQ VAR_V2 VarTokens : [{V2=[7], V1=[5]}]
Gold weight : -3.2729099
Pred : 
Equation : VAR_V1 DIV NUM_2.0 EQ VAR_V2 VarTokens : [{V2=[10], V1=[5]}]
Pred weight : 2.808212
Loss : 1.0
187 : The larger of two numbers is 23 less than thrice the smaller.
Quantities : [[= 2.0 Unit :numbers Phrase: two numbers ]:(14, 25), [< 23.0 Unit :   Phrase: 23 less ]:(29, 36), [= 3.0 Unit : Phrase: thrice ]:(42, 48)]
Gold : 
Equation : VAR_V1 EQ NUM_3.0 MUL VAR_V2 SUB NUM_23.0 VarTokens : [{V2=[11], V1=[1, 4]}]
Gold weight : 2.997146
Pred : 
Equation : VAR_V1 EQ NUM_23.0 ADD NUM_3.0 MUL VAR_V2 VarTokens : [{V2=[11], V1=[1]}]
Pred weight : 12.360478
Loss : 4.0
191 : A garden table and a bench cost 750 combined.
Quantities : [[= 750.0 Unit : combined   Phrase: 750 combined ]:(32, 44)]
Gold : 
Equation : VAR_V1 ADD VAR_V2 EQ NUM_750.0 VarTokens : [{V2=[5], V1=[1, 2]}]
Gold weight : -2.670878
Pred : 
Equation : VAR_V1 ADD NUM_750.0 EQ VAR_V2 VarTokens : [{V2=[8], V1=[1]}]
Pred weight : 1.6350081
Loss : 9.0
209 : The difference of 3 times a number and 5 is 40.
Quantities : [[= 3.0 Unit : times   Phrase: 3 times ]:(18, 25), [= 5.0 Unit :   Phrase: 5 ]:(39, 40), [= 40.0 Unit :   Phrase: 40 ]:(44, 46)]
Gold : 
Equation : NUM_3.0 MUL VAR_V1 SUB NUM_5.0 EQ NUM_40.0 VarTokens : [{V1=[6]}]
Gold weight : 0.8903116
Pred : 
Equation : NUM_3.0 MUL VAR_V1 ADD NUM_5.0 EQ NUM_40.0 VarTokens : [{V1=[6]}]
Pred weight : 10.600145
Loss : 4.0
293 : Phyllis invested 39000 dollars , a portion earning a simple interest rate of 4 % per year and the rest earning a rate of 6 % per year.
Quantities : [[= 39000.0 Unit :US$ Phrase: 39000 dollars ]:(17, 30), [= 0.04 Unit :percent Phrase: 4 % per year ]:(77, 89), [= 0.06 Unit :percent Phrase: 6 % per year ]:(121, 133)]
Gold : 
Equation : VAR_V1 ADD VAR_V2 EQ NUM_39000.0 VarTokens : [{V2=[19, 20, 22, 25, 27], V1=[6, 7, 9, 10, 11, 14, 16]}]
Gold weight : -1.2157902
Pred : 
Equation : NUM_39000.0 ADD VAR_V1 EQ VAR_V2 VarTokens : [{V2=[19], V1=[19]}]
Pred weight : 3.3245897
Loss : 9.0
309 : If the product of 5 and a number is increased by 4 , the result is 19.
Quantities : [[= 5.0 Unit :   Phrase: 5 ]:(18, 19), [+ 4.0 Unit :   Phrase: increased by 4 ]:(36, 50), [= 19.0 Unit :   Phrase: 19 ]:(67, 69)]
Gold : 
Equation : NUM_5.0 MUL VAR_V1 ADD NUM_4.0 EQ NUM_19.0 VarTokens : [{V1=[7]}]
Gold weight : -0.8017498
Pred : 
Equation : NUM_5.0 MUL VAR_V1 MUL NUM_4.0 EQ NUM_19.0 VarTokens : [{V1=[7]}]
Pred weight : 8.718905
Loss : 4.0
329 : If three times the smaller number is subtracted from the larger number , the result is 22. 
Quantities : [[= 3.0 Unit :times Phrase: three times ]:(3, 14), [= 22.0 Unit :   Phrase: 22 ]:(87, 89)]
Gold : 
Equation : NUM_3.0 MUL VAR_V1 SUB VAR_V2 EQ NUM_22.0 VarTokens : [{V2=[10, 11], V1=[4, 5]}]
Gold weight : -1.3860437
Pred : 
Equation : NUM_3.0 MUL VAR_V1 EQ NUM_22.0 VarTokens : [{V1=[4]}]
Pred weight : 14.097974
Loss : 8.0
345 : 36 more than the product of three and x is the same as 48.
Quantities : [[> 36.0 Unit :  Phrase: 36 more ]:(0, 7), [= 3.0 Unit : Phrase: three ]:(28, 33), [= 48.0 Unit :   Phrase: 48 ]:(55, 57)]
Gold : 
Equation : NUM_36.0 ADD NUM_3.0 MUL VAR_V1 EQ NUM_48.0 VarTokens : [{V1=[8]}]
Gold weight : -6.285878
Pred : 
Equation : NUM_36.0 ADD NUM_3.0 ADD VAR_V1 EQ VAR_V2 MUL NUM_48.0 VarTokens : [{V2=[11], V1=[8]}]
Pred weight : 12.376088
Loss : 12.0
347 : The Lakers scored 43 points on a combination of 22 point baskets and 3 point baskets. 
Quantities : [[= 43.0 Unit : points   Phrase: 43 points ]:(18, 27), [= 22.0 Unit : point baskets   Phrase: 22 point baskets ]:(48, 64), [= 3.0 Unit : point baskets   Phrase: 3 point baskets ]:(69, 84)]
Gold : 
Equation : NUM_22.0 MUL VAR_V1 ADD NUM_3.0 MUL VAR_V2 EQ NUM_43.0 VarTokens : [{V2=[14, 15], V1=[10, 11]}]
Gold weight : 1.6432897
Pred : 
Equation : NUM_43.0 MUL NUM_22.0 MUL VAR_V1 ADD NUM_3.0 EQ VAR_V2 VarTokens : [{V2=[15], V1=[11]}]
Pred weight : 9.275957
Loss : 8.0
365 : One piece is 2 times the length of the other.
Quantities : [[= 1.0 Unit :piece Phrase: one piece ]:(0, 9), [= 2.0 Unit : times   Phrase: 2 times ]:(13, 20)]
Gold : 
Equation : VAR_V1 EQ NUM_2.0 MUL VAR_V2 VarTokens : [{V2=[9], V1=[0, 1]}]
Gold weight : 1.528743
Pred : 
Equation : VAR_V1 EQ NUM_2.0 MUL VAR_V2 VarTokens : [{V2=[6], V1=[0]}]
Pred weight : 7.076338
Loss : 1.0
411 : 3 times one of the numbers is 11 less than 5 times the other.
Quantities : [[= 3.0 Unit : times   Phrase: 3 times ]:(0, 7), [< 11.0 Unit :   Phrase: 11 less ]:(30, 37), [= 5.0 Unit : times   Phrase: 5 times ]:(43, 50)]
Gold : 
Equation : NUM_3.0 MUL VAR_V1 EQ NUM_5.0 MUL VAR_V2 SUB NUM_11.0 VarTokens : [{V2=[13], V1=[2, 5]}]
Gold weight : 0.9233774
Pred : 
Equation : NUM_3.0 MUL VAR_V1 EQ NUM_11.0 ADD NUM_5.0 MUL VAR_V2 VarTokens : [{V2=[13], V1=[2]}]
Pred weight : 17.084677
Loss : 4.0
421 : The total cost of a pair of pants and a belt was 70.93 dollars.
Quantities : [[= 70.93 Unit :US$ Phrase: 70.93 dollars ]:(49, 62)]
Gold : 
Equation : VAR_V1 ADD VAR_V2 EQ NUM_70.93 VarTokens : [{V2=[10], V1=[5, 7]}]
Gold weight : -2.7277691
Pred : 
Equation : VAR_V1 ADD VAR_V2 EQ NUM_70.93 VarTokens : [{V2=[10], V1=[1]}]
Pred weight : 1.9429941
Loss : 1.0
423 : He has 12 more dimes than nickels.
Quantities : [[> 12.0 Unit : dimes   Phrase: 12 more dimes ]:(7, 20)]
Gold : 
Equation : VAR_V1 EQ VAR_V2 SUB NUM_12.0 VarTokens : [{V2=[4], V1=[6]}]
Gold weight : -1.1177417
Pred : 
Equation : VAR_V1 EQ NUM_12.0 ADD VAR_V2 VarTokens : [{V2=[6], V1=[0]}]
Pred weight : 3.9069657
Loss : 6.0
425 : This year he wants to plant 80 more acres of sunflowers than flax.
Quantities : [[> 80.0 Unit : acres   Phrase: 80 more acres ]:(28, 41)]
Gold : 
Equation : VAR_V1 EQ VAR_V2 SUB NUM_80.0 VarTokens : [{V2=[8, 10], V1=[12]}]
Gold weight : -1.1169689
Pred : 
Equation : VAR_V1 EQ NUM_80.0 ADD VAR_V2 VarTokens : [{V2=[12], V1=[2]}]
Pred weight : 4.680543
Loss : 6.0
439 : There were 178 more hikers than bike riders.
Quantities : [[> 178.0 Unit : hikers   Phrase: 178 more hikers ]:(11, 26)]
Gold : 
Equation : VAR_V1 ADD NUM_178.0 EQ VAR_V2 VarTokens : [{V2=[4], V1=[7]}]
Gold weight : -0.36533296
Pred : 
Equation : NUM_178.0 ADD VAR_V1 EQ VAR_V2 VarTokens : [{V2=[7], V1=[7]}]
Pred weight : 3.6095777
Loss : 1.0
999004 : U.S. fourth-quarter GDP chopped to 2.2% from 2.6%.
Quantities : [[= 0.022000000000000002 Unit :percent Phrase: 2.2 % ]:(35, 39), [= 0.026000000000000002 Unit :percent Phrase: 2.6 % ]:(45, 49)]
Gold : 
Equation : VAR_V1 EQ NUM_0.026 SUB NUM_0.022 VarTokens : [{V1=[0, 1, 2, 3]}]
Gold weight : 5.315927
Pred : 
Equation : VAR_V1 EQ NUM_0.026000000000000002 SUB VAR_V2 MUL NUM_0.022000000000000002 VarTokens : [{V2=[0], V1=[0]}]
Pred weight : 15.906153
Loss : 8.0
516 : There are six more quarters than dimes. 
Quantities : [[> 6.0 Unit :quarters Phrase: six more quarters ]:(10, 27)]
Gold : 
Equation : VAR_V1 EQ NUM_6.0 ADD VAR_V2 VarTokens : [{V2=[6], V1=[4]}]
Gold weight : 1.0460345
Pred : 
Equation : NUM_6.0 ADD VAR_V1 EQ VAR_V2 VarTokens : [{V2=[6], V1=[6]}]
Pred weight : 3.9336252
Loss : 1.0
534 : Sixty more than nine times a number is the same as two less than ten times the number.
Quantities : [[> 60.0 Unit : Phrase: sixty more ]:(0, 10), [= 9.0 Unit :times Phrase: nine times ]:(16, 26), [< 2.0 Unit : Phrase: two less ]:(51, 59), [= 10.0 Unit :times Phrase: ten times ]:(65, 74)]
Gold : 
Equation : NUM_60.0 ADD NUM_9.0 MUL VAR_V1 EQ NUM_10.0 MUL VAR_V2 SUB NUM_2.0 VarTokens : [{V2=[17], V1=[6]}]
Gold weight : -6.463891
Pred : 
Equation : NUM_60.0 ADD NUM_9.0 MUL VAR_V1 EQ NUM_10.0 MUL VAR_V2 SUB NUM_2.0 VarTokens : [{V2=[17], V1=[4]}]
Pred weight : 22.331942
Loss : 1.0
999000 : April Brent crude up $2.53 to end at $62.58/bbl on ICE.
Quantities : [[= 2.53 Unit :US$ Phrase: $ 2.53 ]:(21, 26), [= 62.58 Unit :US$ Phrase: $ 62.58 / bbl ]:(37, 47)]
Gold : 
Equation : VAR_V1 ADD NUM_2.53 EQ NUM_62.58 VarTokens : [{V1=[0, 1]}]
Gold weight : 4.7908173
Pred : 
Equation : VAR_V1 ADD VAR_V2 ADD NUM_2.53 EQ NUM_62.58 VarTokens : [{V2=[0], V1=[0]}]
Pred weight : 13.303164
Loss : 8.0
999024 : Japan January jobless rate rises to 3.6% from 3.4%.
Quantities : [[= 0.036000000000000004 Unit :percent Phrase: 3.6 % ]:(36, 40), [= 0.034 Unit :percent Phrase: 3.4 % ]:(46, 50)]
Gold : 
Equation : VAR_V1 EQ NUM_0.036 SUB NUM_0.034 VarTokens : [{V1=[0, 1, 2, 3, 4]}]
Gold weight : 0.2526878
Pred : 
Equation : VAR_V1 EQ NUM_0.034 SUB VAR_V2 MUL NUM_0.036000000000000004 VarTokens : [{V2=[3], V1=[0]}]
Pred weight : 8.010241
Loss : 9.0
999040 : Nasdaq turns higher, up 2 points at 4,958.
Quantities : [[= 2.0 Unit : points   Phrase: 2 points ]:(24, 32), [= 4958.0 Unit :   Phrase: 4958 ]:(36, 41)]
Gold : 
Equation : VAR_V1 ADD NUM_2.0 EQ NUM_4958.0 VarTokens : [{V1=[0]}]
Gold weight : 1.2872074
Pred : 
Equation : VAR_V1 EQ NUM_4958.0 SUB NUM_2.0 VarTokens : [{V1=[1]}]
Pred weight : 2.267098
Loss : 9.0
999058 : Hong Kong's Hang Seng opens up 0.3% at 24,916.24.
Quantities : [[= 0.003 Unit :percent Phrase: 0.3 % ]:(31, 35), [= 24916.24 Unit :   Phrase: 24916.24 ]:(39, 48)]
Gold : 
Equation : VAR_V1 ADD NUM_0.003 MUL VAR_V2 EQ NUM_24916.24 VarTokens : [{V2=[0, 1, 3, 4], V1=[0, 1, 3, 4]}]
Gold weight : 0.91060734
Pred : 
Equation : VAR_V1 SUB VAR_V2 MUL NUM_0.003 EQ NUM_24916.24 VarTokens : [{V2=[1], V1=[0]}]
Pred weight : 8.594138
Loss : 4.0
999084 : Continuing jobless claims rise 58,000 to 2.43 million.
Quantities : [[= 58000.0 Unit :   Phrase: 58000 ]:(31, 37), [= 2430000.0 Unit : Phrase: 2.43 million ]:(31, 37)]
Gold : 
Equation : VAR_V1 ADD NUM_58000.0 EQ NUM_2430000.0 VarTokens : [{V1=[0, 1, 2]}]
Gold weight : -0.7816738
Pred : 
Equation : VAR_V1 EQ VAR_V2 MUL NUM_58000.0 MUL NUM_2430000.0 VarTokens : [{V2=[3], V1=[0]}]
Pred weight : 4.488757
Loss : 12.0
999094 : U.K.'s FTSE opens 0.4% lower at 6,873.42.
Quantities : [[< 0.004 Unit :percent Phrase: 0.4 % lower ]:(18, 28), [= 6873.42 Unit :   Phrase: 6873.42 ]:(32, 40)]
Gold : 
Equation : VAR_V1 SUB NUM_0.004 MUL VAR_V2 EQ NUM_6873.42 VarTokens : [{V2=[0, 2], V1=[0, 2]}]
Gold weight : -6.2144833
Pred : 
Equation : VAR_V1 SUB VAR_V2 MUL NUM_0.004 EQ NUM_6873.42 VarTokens : [{V2=[3], V1=[0]}]
Pred weight : 4.786113
Loss : 5.0
999128 : France's CAC falls 0.6% to 4,722 in early trade.
Quantities : [[= 0.006 Unit :percent Phrase: 0.6 % ]:(19, 23), [= 4722.0 Unit :   Phrase: 4722 ]:(27, 32)]
Gold : 
Equation : VAR_V1 SUB NUM_0.006 MUL VAR_V2 EQ NUM_4722.0 VarTokens : [{V2=[0, 2], V1=[0, 2]}]
Gold weight : 8.216074
Pred : 
Equation : VAR_V1 ADD VAR_V2 MUL NUM_0.006 EQ NUM_4722.0 VarTokens : [{V2=[0], V1=[0]}]
Pred weight : 16.821795
Loss : 4.0
Accuracy : = 52.0 / 79 = 0.6582278481012658
Mistakes : [[411, 999084, 347, 345, 999024, 999094, 209, 329, 516, 309, 97, 999040, 439, 425, 187, 534, 999128, 293, 191, 127, 999004, 365, 179, 999058, 421, 999000, 423]]
61 : Juan is on his bike and travels 3 miles per hour faster than Peter who is on his skateboard. 
Quantities : [[= 3.0 Unit : miles per hour faster   Phrase: 3 miles per hour faster ]:(32, 55)]
Gold : 
Equation : VAR_V1 EQ NUM_3.0 ADD VAR_V2 VarTokens : [{V2=[13], V1=[0, 6]}]
Gold weight : -1.330553
Pred : 
Equation : VAR_V1 ADD NUM_3.0 EQ VAR_V2 VarTokens : [{V2=[18], V1=[4]}]
Pred weight : 7.164208
Loss : 2.0
79 : Together the students and professors number 40,000.
Quantities : [[= 40000.0 Unit :   Phrase: 40000 ]:(44, 50)]
Gold : 
Equation : VAR_V1 ADD VAR_V2 EQ NUM_40000.0 VarTokens : [{V2=[4], V1=[2]}]
Gold weight : -0.4079026
Pred : 
Equation : VAR_V1 EQ VAR_V2 ADD NUM_40000.0 VarTokens : [{V2=[2], V1=[2]}]
Pred weight : 1.4754716
Loss : 9.0
93 : 3 times a number is added to 5 times a number to get 54.
Quantities : [[= 3.0 Unit : times   Phrase: 3 times ]:(0, 7), [= 5.0 Unit : times   Phrase: 5 times ]:(29, 36), [= 54.0 Unit :   Phrase: 54 ]:(53, 55)]
Gold : 
Equation : NUM_3.0 MUL VAR_V1 ADD NUM_5.0 MUL VAR_V2 EQ NUM_54.0 VarTokens : [{V2=[10], V1=[3]}]
Gold weight : -7.040785
Pred : 
Equation : NUM_3.0 MUL VAR_V1 EQ NUM_54.0 SUB NUM_5.0 VarTokens : [{V1=[3]}]
Pred weight : 5.9047375
Loss : 12.0
119 : The table cost 500 dollars more than a chair.
Quantities : [[> 500.0 Unit :US$ Phrase: 500 dollars more ]:(15, 31)]
Gold : 
Equation : VAR_V1 EQ NUM_500.0 ADD VAR_V2 VarTokens : [{V2=[8], V1=[1]}]
Gold weight : -0.45749915
Pred : 
Equation : VAR_V1 EQ NUM_500.0 ADD VAR_V2 VarTokens : [{V2=[8], V1=[2]}]
Pred weight : 5.108405
Loss : 1.0
125 : Find the number whose double is 45 greater than its half.
Quantities : [[= 2.0 Unit :times Phrase: double ]:(22, 28), [> 45.0 Unit :  Phrase: 45 greater ]:(32, 42), [= 0.5 Unit : Phrase: half ]:(52, 56)]
Gold : 
Equation : NUM_2.0 MUL VAR_V1 EQ NUM_45.0 ADD NUM_0.5 MUL VAR_V2 VarTokens : [{V2=[2], V1=[2]}]
Gold weight : -3.9618173
Pred : 
Equation : VAR_V1 MUL NUM_2.0 EQ NUM_45.0 ADD NUM_0.5 MUL VAR_V2 VarTokens : [{V2=[10], V1=[2]}]
Pred weight : 7.2608876
Loss : 1.0
147 : Freeport McMoran projects that in 2010 the world grain supply will be 1800000 metric tons and the supply will be only 0.75 of the world grain demand.
Quantities : [[= 1800000.0 Unit : metric tons   Phrase: 1800000 metric tons ]:(70, 89), [= 0.75 Unit : of world grain demand   Phrase: 0.75 of the world grain demand ]:(118, 148)]
Gold : 
Equation : NUM_0.75 MUL VAR_V1 EQ NUM_1800000.0 VarTokens : [{V1=[24, 25, 26]}]
Gold weight : 2.5346055
Pred : 
Equation : VAR_V1 MUL NUM_1800000.0 ADD VAR_V2 EQ NUM_0.75 VarTokens : [{V2=[17], V1=[7]}]
Pred weight : 7.573309
Loss : 9.0
175 : Two planes start from Chicago at the same time and fly in opposite directions , one averaging a speed of 40 miles per hour greater than the other.
Quantities : [[= 2.0 Unit :planes Phrase: two planes ]:(0, 10), [> 40.0 Unit : miles per hour  Phrase: 40 miles per hour greater ]:(105, 130)]
Gold : 
Equation : VAR_V1 EQ NUM_40.0 ADD VAR_V2 VarTokens : [{V2=[27], V1=[15]}]
Gold weight : 0.065647826
Pred : 
Equation : VAR_V1 EQ VAR_V2 ADD NUM_40.0 VarTokens : [{V2=[15], V1=[1]}]
Pred weight : 6.587682
Loss : 2.0
221 : There are 3 more girls than boys in Tom 's class.
Quantities : [[> 3.0 Unit : girls   Phrase: 3 more girls ]:(10, 22)]
Gold : 
Equation : VAR_V1 EQ VAR_V2 ADD NUM_3.0 VarTokens : [{V2=[6], V1=[4]}]
Gold weight : 0.99470073
Pred : 
Equation : NUM_3.0 ADD VAR_V1 EQ VAR_V2 VarTokens : [{V2=[6], V1=[6]}]
Pred weight : 5.9942613
Loss : 1.0
233 : She sold 27 more cars than trucks. 
Quantities : [[> 27.0 Unit : cars   Phrase: 27 more cars ]:(9, 21)]
Gold : 
Equation : VAR_V1 ADD NUM_27.0 EQ VAR_V2 VarTokens : [{V2=[4], V1=[6]}]
Gold weight : 0.17595026
Pred : 
Equation : NUM_27.0 ADD VAR_V1 EQ VAR_V2 VarTokens : [{V2=[6], V1=[4]}]
Pred weight : 4.2851367
Loss : 2.0
255 : They craw toward each other at rates that differ by 6 centimeters per minute.
Quantities : [[= 6.0 Unit : centimeters per minute   Phrase: 6 centimeters per minute ]:(52, 76)]
Gold : 
Equation : VAR_V1 SUB VAR_V2 EQ NUM_6.0 VarTokens : [{V2=[1, 4], V1=[1, 4]}]
Gold weight : -2.2827828
Pred : 
Equation : VAR_V1 EQ NUM_6.0 MUL VAR_V2 VarTokens : [{V2=[13], V1=[4]}]
Pred weight : 1.7501746
Loss : 9.0
261 : Venus Hall charges 500 dollars to rent the room and 35 dollars for each meal.
Quantities : [[= 500.0 Unit :US$ Phrase: 500 dollars ]:(19, 30), [= 35.0 Unit :US$ Phrase: 35 dollars ]:(52, 62)]
Gold : 
Equation : VAR_V2 EQ NUM_500.0 ADD NUM_35.0 MUL VAR_V2 VarTokens : [{V2=[14], V1=[0, 1, 2]}]
Gold weight : 1.0619695
Pred : 
Equation : VAR_V1 EQ NUM_500.0 ADD NUM_35.0 MUL VAR_V2 VarTokens : [{V2=[14], V1=[1]}]
Pred weight : 7.3112836
Loss : 1.0
267 : With a tail wind , a jet flew 2000 miles in 4 hours.
Quantities : [[= 2000.0 Unit : miles   Phrase: 2000 miles ]:(30, 40), [= 4.0 Unit : hours   Phrase: 4 hours ]:(44, 51)]
Gold : 
Equation : VAR_V1 SUB VAR_V2 EQ NUM_2000.0 DIV NUM_4.0 VarTokens : [{V2=[2, 3], V1=[6]}]
Gold weight : -6.9620895
Pred : 
Equation : VAR_V1 ADD VAR_V2 MUL NUM_2000.0 EQ NUM_4.0 VarTokens : [{V2=[3], V1=[3]}]
Pred weight : 1.8074394
Loss : 9.0
269 : Sara has already saved 4100 dollars , and she plans to save 10 dollars a week.
Quantities : [[= 4100.0 Unit :US$ Phrase: 4100 dollars ]:(23, 35), [= 10.0 Unit :US$ Phrase: 10 dollars a week ]:(60, 77)]
Gold : 
Equation : VAR_V1 EQ NUM_4100.0 ADD NUM_10.0 MUL VAR_V2 VarTokens : [{V2=[15], V1=[0]}]
Gold weight : 0.6225365
Pred : 
Equation : NUM_4100.0 EQ NUM_10.0 MUL VAR_V1 VarTokens : [{V1=[15]}]
Pred weight : 7.9243393
Loss : 12.0
281 : The product of 10 and a number is the same as 36 less twice that same number.
Quantities : [[= 10.0 Unit :   Phrase: 10 ]:(15, 17), [< 36.0 Unit :   Phrase: 36 less ]:(46, 53), [= 2.0 Unit : Phrase: twice ]:(54, 59)]
Gold : 
Equation : NUM_10.0 MUL VAR_V1 EQ NUM_2.0 MUL VAR_V2 SUB NUM_36.0 VarTokens : [{V2=[15, 16], V1=[6]}]
Gold weight : -0.82254785
Pred : 
Equation : NUM_10.0 ADD VAR_V1 EQ NUM_2.0 MUL VAR_V2 SUB NUM_36.0 VarTokens : [{V2=[16], V1=[6]}]
Pred weight : 10.492689
Loss : 4.0
349 : The ratio of spaces for full sized cars to compact cars is 11 to 4.
Quantities : [[ratio[= 11.0][= 4.0]]:(59, 66)]
Gold : 
Equation : VAR_V1 EQ NUM_2.75 MUL VAR_V2 VarTokens : [{V2=[9, 10], V1=[5, 6, 7]}]
Gold weight : 0.87834346
Pred : 
Equation : VAR_V1 EQ NUM_2.75 VarTokens : [{V1=[1]}]
Pred weight : 5.4237494
Loss : 8.0
361 : The amount donated by class A is 7 dollars short of 0.6667 of the amount donated by class B.
Quantities : [[= 7.0 Unit :US$ Phrase: 7 dollars ]:(33, 42), [= 0.6667 Unit :   Phrase: 0.6667 ]:(52, 58)]
Gold : 
Equation : VAR_V1 EQ NUM_0.6667 MUL VAR_V2 SUB NUM_7.0 VarTokens : [{V2=[14, 15, 17, 18], V1=[1, 2, 4]}]
Gold weight : 2.2527242
Pred : 
Equation : VAR_V1 EQ NUM_7.0 ADD NUM_0.6667 MUL VAR_V2 VarTokens : [{V2=[14], V1=[1]}]
Pred weight : 7.177559
Loss : 4.0
399 : Two numbers are in the ratio 8 to 3. 
Quantities : [[= 2.0 Unit :numbers Phrase: two numbers ]:(0, 11), [ratio[= 8.0][= 3.0]]:(29, 35)]
Gold : 
Equation : VAR_V1 EQ NUM_2.6667 MUL VAR_V2 VarTokens : [{V2=[1], V1=[1]}]
Gold weight : 2.7131376
Pred : 
Equation : VAR_V1 ADD VAR_V2 EQ NUM_2.6666666666666665 VarTokens : [{V2=[1], V1=[1]}]
Pred weight : 4.059519
Loss : 8.0
443 : The number of grocery items on two grocery lists differs by 7.
Quantities : [[= 2.0 Unit :grocery lists Phrase: two grocery lists ]:(31, 48), [= 7.0 Unit :   Phrase: 7 ]:(60, 61)]
Gold : 
Equation : VAR_V1 SUB VAR_V2 EQ NUM_7.0 VarTokens : [{V2=[1, 3, 4, 7, 8], V1=[1, 3, 4, 7, 8]}]
Gold weight : -6.5604
Pred : 
Equation : VAR_V1 EQ VAR_V2 MUL NUM_7.0 VarTokens : [{V2=[7], V1=[7]}]
Pred weight : 1.2832817
Loss : 8.0
445 : Wednesdays game generates 142.50 dollars less than Saturdays game.
Quantities : [[< 142.5 Unit :US$ Phrase: 142.50 dollars less ]:(26, 45)]
Gold : 
Equation : VAR_V1 EQ VAR_V2 SUB NUM_142.5 VarTokens : [{V2=[7, 8], V1=[0, 1, 2]}]
Gold weight : -2.3859258
Pred : 
Equation : VAR_V1 SUB NUM_142.5 EQ VAR_V2 VarTokens : [{V2=[7], V1=[7]}]
Pred weight : 1.8709263
Loss : 1.0
481 : There were 30 more Republicans then Democrats.
Quantities : [[> 30.0 Unit :  Phrase: 30 more ]:(11, 18)]
Gold : 
Equation : VAR_V1 EQ VAR_V2 ADD NUM_30.0 VarTokens : [{V2=[6], V1=[4]}]
Gold weight : -0.6986547
Pred : 
Equation : NUM_30.0 ADD VAR_V1 EQ VAR_V2 VarTokens : [{V2=[6], V1=[6]}]
Pred weight : 3.073078
Loss : 1.0
489 : Plan A costs 0.25 dollars per text message , plus a monthly fee of 9 dollars.
Quantities : [[= 0.25 Unit :US$ Phrase: 0.25 dollars per text message ]:(13, 42), [= 9.0 Unit :US$ Phrase: 9 dollars ]:(67, 76)]
Gold : 
Equation : VAR_V1 EQ NUM_0.25 MUL VAR_V2 ADD NUM_9.0 VarTokens : [{V2=[6, 7], V1=[0, 2]}]
Gold weight : 0.04216662
Pred : 
Equation : VAR_V1 ADD NUM_0.25 MUL VAR_V2 EQ NUM_9.0 VarTokens : [{V2=[12], V1=[0]}]
Pred weight : 2.943134
Loss : 9.0
532 : A certain number added twice to itself equals 96.
Quantities : [[= 2.0 Unit : Phrase: twice ]:(23, 28), [= 96.0 Unit :   Phrase: 96 ]:(46, 48)]
Gold : 
Equation : VAR_V1 ADD NUM_2.0 MUL VAR_V2 EQ NUM_96.0 VarTokens : [{V2=[6], V1=[1, 2]}]
Gold weight : 0.94255745
Pred : 
Equation : VAR_V1 MUL NUM_2.0 EQ NUM_96.0 VarTokens : [{V1=[1]}]
Pred weight : 3.3587093
Loss : 8.0
554 : Aaron had 7 times as many sheep as Beth.
Quantities : [[= 7.0 Unit : times   Phrase: 7 times ]:(10, 17)]
Gold : 
Equation : VAR_V1 DIV NUM_7.0 EQ VAR_V2 VarTokens : [{V2=[8], V1=[0, 1]}]
Gold weight : -6.350599
Pred : 
Equation : VAR_V1 DIV NUM_7.0 EQ VAR_V2 VarTokens : [{V2=[8], V1=[6]}]
Pred weight : 2.8278217
Loss : 1.0
999030 : April oil down $2.82 to settle at $48.17/bbl on Nymex
Quantities : [[= 2.82 Unit :US$ Phrase: $ 2.82 ]:(15, 20), [= 48.17 Unit :US$ Phrase: $ 48.17 / bbl ]:(34, 44)]
Gold : 
Equation : VAR_V1 EQ NUM_48.17 SUB NUM_2.82 VarTokens : [{V1=[0, 1]}]
Gold weight : 1.4389377
Pred : 
Equation : VAR_V1 ADD VAR_V2 ADD NUM_2.82 EQ NUM_48.17 VarTokens : [{V2=[0], V1=[0]}]
Pred weight : 11.736343
Loss : 12.0
999076 : Coca-Cola raises dividend 8% to 33 cents a share.
Quantities : [[= 0.08 Unit :percent Phrase: 8 % ]:(26, 28), [= 0.33 Unit :US$ Phrase: 33 cents a share ]:(32, 48)]
Gold : 
Equation : VAR_V1 ADD NUM_0.08 MUL VAR_V2 EQ NUM_0.33 VarTokens : [{V2=[0], V1=[0]}]
Gold weight : 6.0286393
Pred : 
Equation : VAR_V1 ADD VAR_V2 MUL NUM_0.08 EQ NUM_0.33 VarTokens : [{V2=[2], V1=[1]}]
Pred weight : 11.591673
Loss : 6.0
999034 : Shanghai Composite down 0.3% at 3,218.47.
Quantities : [[= 0.003 Unit :percent Phrase: 0.3 % ]:(24, 28), [= 3218.47 Unit :   Phrase: 3218.47 ]:(32, 40)]
Gold : 
Equation : VAR_V1 SUB NUM_0.003 MUL VAR_V2 EQ NUM_3218.47 VarTokens : [{V2=[0, 1], V1=[0, 1]}]
Gold weight : 0.8883162
Pred : 
Equation : VAR_V1 ADD VAR_V2 MUL NUM_0.003 EQ NUM_3218.47 VarTokens : [{V2=[1], V1=[0]}]
Pred weight : 10.533105
Loss : 4.0
999038 : April crude settles at $49.45/bbl, down $1.36.
Quantities : [[= 49.45 Unit :US$ Phrase: $ 49.45 / bbl ]:(23, 33), [= 1.36 Unit :US$ Phrase: $ 1.36 ]:(40, 45)]
Gold : 
Equation : VAR_V1 EQ NUM_49.45 SUB NUM_1.36 VarTokens : [{V1=[0, 1, 2]}]
Gold weight : 2.85467
Pred : 
Equation : VAR_V1 ADD VAR_V2 ADD NUM_49.45 EQ NUM_1.36 VarTokens : [{V2=[0], V1=[0]}]
Pred weight : 9.82032
Loss : 12.0
999122 : UK December unemployment rate dips to 5.7%, from 5.8%.
Quantities : [[= 0.057 Unit :percent Phrase: 5.7 % ]:(38, 42), [= 0.057999999999999996 Unit :percent Phrase: 5.8 % ]:(49, 53)]
Gold : 
Equation : VAR_V1 EQ NUM_0.058 SUB NUM_0.057 VarTokens : [{V1=[0, 1, 2, 3, 4]}]
Gold weight : -0.7467668
Pred : 
Equation : VAR_V1 EQ VAR_V2 MUL NUM_0.057 MUL NUM_0.057999999999999996 VarTokens : [{V2=[4], V1=[2]}]
Pred weight : 9.863118
Loss : 8.0
999100 : Brent crude drops 1.7%, to $59.48 a barrel.
Quantities : [[= 0.017 Unit :percent Phrase: 1.7 % ]:(18, 22), [= 59.48 Unit :US$ Phrase: $ 59.48 a barrel ]:(27, 42)]
Gold : 
Equation : VAR_V1 SUB NUM_0.017 MUL VAR_V2 EQ NUM_59.48 VarTokens : [{V2=[0, 1], V1=[0, 1]}]
Gold weight : -0.28265584
Pred : 
Equation : VAR_V1 SUB VAR_V2 MUL NUM_0.017 EQ NUM_59.48 VarTokens : [{V2=[2], V1=[2]}]
Pred weight : 12.590591
Loss : 2.0
999126 : Germany's DAX opens 0.7% lower at 10,842.
Quantities : [[< 0.006999999999999999 Unit :percent Phrase: 0.7 % lower ]:(20, 30), [= 10842.0 Unit :   Phrase: 10842 ]:(34, 40)]
Gold : 
Equation : VAR_V1 ADD NUM_0.007 MUL VAR_V2 EQ NUM_10842.0 VarTokens : [{V2=[0, 2], V1=[0, 2]}]
Gold weight : 2.2152026
Pred : 
Equation : VAR_V1 SUB VAR_V2 MUL NUM_0.006999999999999999 EQ NUM_10842.0 VarTokens : [{V2=[0], V1=[0]}]
Pred weight : 21.538404
Loss : 4.0
999134 : Japan's Topix down 0.2% at 1,457.16 in early moves.
Quantities : [[= 0.002 Unit :percent Phrase: 0.2 % ]:(19, 23), [= 1457.16 Unit :   Phrase: 1457.16 ]:(27, 35), [= 1.0 Unit :early moves Phrase: early moves ]:(27, 35)]
Gold : 
Equation : VAR_V1 SUB NUM_0.002 MUL VAR_V2 EQ NUM_1457.16 VarTokens : [{V2=[0, 2], V1=[0, 2]}]
Gold weight : 4.830327
Pred : 
Equation : VAR_V1 ADD VAR_V2 MUL NUM_0.002 EQ NUM_1457.16 VarTokens : [{V2=[0], V1=[0]}]
Pred weight : 15.461477
Loss : 4.0
Accuracy : = 48.0 / 79 = 0.6075949367088608
Mistakes : [[281, 349, 79, 554, 999076, 999030, 221, 399, 999100, 261, 999038, 93, 267, 147, 999034, 269, 443, 175, 445, 233, 119, 255, 532, 999134, 489, 125, 999126, 481, 361, 61, 999122]]
7 : Your friend has 210 dollars and saves 5 dollars per week.
Quantities : [[= 210.0 Unit :US$ Phrase: 210 dollars ]:(16, 27), [= 5.0 Unit :US$ Phrase: 5 dollars per week ]:(38, 56)]
Gold : 
Equation : VAR_V1 EQ NUM_210.0 ADD NUM_5.0 MUL VAR_V2 VarTokens : [{V2=[10], V1=[1, 2]}]
Gold weight : 0.58843076
Pred : 
Equation : NUM_210.0 ADD NUM_5.0 MUL VAR_V1 EQ VAR_V2 VarTokens : [{V2=[10], V1=[10]}]
Pred weight : 5.316106
Loss : 1.0
11 : You are currently twice as far from your house as you are from your mothers house.
Quantities : [[= 2.0 Unit : Phrase: twice ]:(18, 23)]
Gold : 
Equation : VAR_V1 DIV NUM_2.0 EQ VAR_V2 VarTokens : [{V2=[14, 15], V1=[8]}]
Gold weight : -4.3395486
Pred : 
Equation : VAR_V1 DIV NUM_2.0 EQ VAR_V2 VarTokens : [{V2=[11], V1=[8]}]
Pred weight : 0.6579023
Loss : 1.0
15 : For his long distance phone service Milan pays a 2 dollars monthly fee plus 12 cents per minute.
Quantities : [[= 2.0 Unit :US$ Phrase: 2 dollars ]:(49, 58), [= 0.12 Unit :US$ Phrase: 12 cents per minute ]:(76, 95)]
Gold : 
Equation : VAR_V1 EQ NUM_2.0 ADD NUM_0.12 MUL VAR_V2 VarTokens : [{V2=[17], V1=[6, 7]}]
Gold weight : 0.7432686
Pred : 
Equation : VAR_V1 MUL NUM_2.0 ADD NUM_0.12 EQ VAR_V2 VarTokens : [{V2=[15], V1=[2]}]
Pred weight : 4.4517355
Loss : 6.0
17 : The value of a sport utility vehicle this year is 16,000 dollars , which is 0.8 of what its value was last year.
Quantities : [[= 16000.0 Unit :US$ Phrase: 16000 dollars ]:(50, 56), [= 0.8 Unit :   Phrase: 0.8 ]:(50, 56)]
Gold : 
Equation : NUM_0.8 MUL VAR_V1 EQ NUM_16000.0 VarTokens : [{V1=[19, 20, 21, 22]}]
Gold weight : 1.6936946
Pred : 
Equation : VAR_V1 EQ NUM_16000.0 SUB NUM_0.8 MUL VAR_V2 VarTokens : [{V2=[21], V1=[5]}]
Pred weight : 5.3823657
Loss : 12.0
25 : Each week he earns 190 dollars plus commission equal to 4 % of his sales.
Quantities : [[= 190.0 Unit :US$ Phrase: 190 dollars plus commission equal ]:(19, 52), [= 0.04 Unit :percent Phrase: 4 % ]:(56, 59)]
Gold : 
Equation : VAR_V1 EQ NUM_190.0 ADD NUM_0.04 MUL VAR_V2 VarTokens : [{V2=[14], V1=[2, 3]}]
Gold weight : 3.4149084
Pred : 
Equation : VAR_V1 EQ NUM_190.0 ADD VAR_V2 MUL NUM_0.04 VarTokens : [{V2=[8], V1=[2]}]
Pred weight : 8.750505
Loss : 1.0
107 : After reading several fashion magazines she decides to stock her shelves with 34 more blue dresses than red dresses.
Quantities : [[> 34.0 Unit :  Phrase: 34 more ]:(78, 85)]
Gold : 
Equation : VAR_V1 ADD NUM_34.0 EQ VAR_V2 VarTokens : [{V2=[14, 15], V1=[17, 18]}]
Gold weight : -1.2433054
Pred : 
Equation : VAR_V1 EQ NUM_34.0 ADD VAR_V2 VarTokens : [{V2=[18], V1=[3]}]
Pred weight : 2.299133
Loss : 1.0
121 : The state market has 27 more apples than oranges.
Quantities : [[> 27.0 Unit : apples   Phrase: 27 more apples ]:(21, 35)]
Gold : 
Equation : VAR_V1 ADD NUM_27.0 EQ VAR_V2 VarTokens : [{V2=[6], V1=[8]}]
Gold weight : -1.2433054
Pred : 
Equation : NUM_27.0 ADD VAR_V1 EQ VAR_V2 VarTokens : [{V2=[6], V1=[6]}]
Pred weight : 0.98411274
Loss : 1.0
133 : The sum of the numbers of boys and girls in a class is 36.
Quantities : [[= 36.0 Unit :   Phrase: 36 ]:(55, 57)]
Gold : 
Equation : VAR_V1 ADD VAR_V2 EQ NUM_36.0 VarTokens : [{V2=[8], V1=[6]}]
Gold weight : -2.5099633
Pred : 
Equation : VAR_V1 ADD VAR_V2 EQ NUM_36.0 VarTokens : [{V2=[8], V1=[4]}]
Pred weight : 8.625149
Loss : 1.0
153 : Jill has 6 more dolls than Jane does.
Quantities : [[> 6.0 Unit : dolls   Phrase: 6 more dolls ]:(9, 21)]
Gold : 
Equation : VAR_V1 EQ NUM_6.0 ADD VAR_V2 VarTokens : [{V2=[6], V1=[0, 1]}]
Gold weight : -2.8835807
Pred : 
Equation : NUM_6.0 ADD VAR_V1 EQ VAR_V2 VarTokens : [{V2=[6], V1=[6]}]
Pred weight : -0.18276915
Loss : 1.0
183 : Jerry Weller received 20,196 more votes than opponent John Pavich.
Quantities : [[> 20196.0 Unit : votes   Phrase: 20196 more votes ]:(22, 28)]
Gold : 
Equation : VAR_V1 EQ NUM_20196.0 ADD VAR_V2 VarTokens : [{V2=[7, 8, 9], V1=[0, 1, 2]}]
Gold weight : -2.216532
Pred : 
Equation : NUM_20196.0 ADD VAR_V1 EQ VAR_V2 VarTokens : [{V2=[8], V1=[8]}]
Pred weight : 0.5362768
Loss : 1.0
273 : 0.40 of one part exceeds 0.625 of the other part by 10.
Quantities : [[= 0.4 Unit :   Phrase: 0.40 ]:(0, 4), [= 1.0 Unit :part Phrase: one part ]:(8, 16), [= 0.625 Unit :   Phrase: 0.625 ]:(25, 30), [= 10.0 Unit :   Phrase: 10 ]:(52, 54)]
Gold : 
Equation : NUM_0.4 MUL VAR_V1 EQ NUM_0.625 MUL VAR_V2 ADD NUM_10.0 VarTokens : [{V2=[8, 9], V1=[2, 3]}]
Gold weight : 1.2035148
Pred : 
Equation : NUM_0.4 EQ NUM_0.625 ADD VAR_V1 ADD VAR_V2 ADD NUM_10.0 VarTokens : [{V2=[8], V1=[8]}]
Pred weight : 8.27186
Loss : 9.0
279 : The freight train travels 30 kilometers per hour slower than the express train.
Quantities : [[= 30.0 Unit : kilometers per hour slower   Phrase: 30 kilometers per hour slower ]:(26, 55)]
Gold : 
Equation : VAR_V1 EQ VAR_V2 SUB NUM_30.0 VarTokens : [{V2=[11, 12], V1=[1, 2]}]
Gold weight : -3.9878216
Pred : 
Equation : VAR_V1 EQ NUM_30.0 ADD VAR_V2 VarTokens : [{V2=[11], V1=[2]}]
Pred weight : 2.6859884
Loss : 4.0
283 : The peach is more expensive than the apple by 60 cents.
Quantities : [[= 0.6 Unit :US$ Phrase: 60 cents ]:(46, 54)]
Gold : 
Equation : VAR_V1 EQ VAR_V2 ADD NUM_0.6 VarTokens : [{V2=[7], V1=[1]}]
Gold weight : 0.08445346
Pred : 
Equation : VAR_V1 EQ VAR_V2 ADD NUM_0.6 VarTokens : [{V2=[4], V1=[1]}]
Pred weight : 4.920451
Loss : 1.0
291 : Three times a number minus a second number is 20.
Quantities : [[= 3.0 Unit :times Phrase: three times ]:(0, 11), [= 20.0 Unit :   Phrase: 20 ]:(46, 48)]
Gold : 
Equation : NUM_3.0 MUL VAR_V1 SUB VAR_V2 EQ NUM_20.0 VarTokens : [{V2=[6, 7], V1=[3]}]
Gold weight : -7.6193614
Pred : 
Equation : NUM_3.0 MUL VAR_V1 EQ NUM_20.0 VarTokens : [{V1=[6]}]
Pred weight : 5.871069
Loss : 8.0
315 : In one day , a store sold 1.6 as many DVDs as CDs.
Quantities : [[= 1.0 Unit :day Phrase: one day ]:(3, 10), [= 1.6 Unit :   Phrase: 1.6 ]:(26, 29)]
Gold : 
Equation : VAR_V1 DIV NUM_1.6 EQ VAR_V2 VarTokens : [{V2=[12], V1=[10]}]
Gold weight : -2.8670764
Pred : 
Equation : VAR_V1 EQ VAR_V2 DIV NUM_1.6 VarTokens : [{V2=[10], V1=[1]}]
Pred weight : 3.7518396
Loss : 1.0
333 : David bought 3 hamburgers and 2 servings of french fries at Diane 's Drive Up for 6.25 dollars.
Quantities : [[= 3.0 Unit : hamburgers   Phrase: 3 hamburgers ]:(13, 25), [= 2.0 Unit : servings   Phrase: 2 servings ]:(30, 40), [= 6.25 Unit :US$ Phrase: 6.25 dollars ]:(82, 94)]
Gold : 
Equation : NUM_3.0 MUL VAR_V1 ADD NUM_2.0 MUL VAR_V2 EQ NUM_6.25 VarTokens : [{V2=[6, 8, 9], V1=[3]}]
Gold weight : 1.9528198
Pred : 
Equation : NUM_3.0 MUL VAR_V1 SUB NUM_2.0 MUL VAR_V2 EQ NUM_6.25 VarTokens : [{V2=[6], V1=[3]}]
Pred weight : 12.985027
Loss : 4.0
337 : The total cost of a shirt and a sweater is 80.34 dollars.
Quantities : [[= 80.34 Unit :US$ Phrase: 80.34 dollars ]:(43, 56)]
Gold : 
Equation : VAR_V1 ADD VAR_V2 EQ NUM_80.34 VarTokens : [{V2=[8], V1=[5]}]
Gold weight : -2.7663858
Pred : 
Equation : VAR_V1 ADD VAR_V2 EQ NUM_80.34 VarTokens : [{V2=[8], V1=[2]}]
Pred weight : 6.420561
Loss : 1.0
389 : A customer walks into an electronics store and buys 5 MP3 players and 8 sets of headphones , paying 840 dollars.
Quantities : [[= 5.0 Unit : mp3 players   Phrase: 5 mp3 players ]:(52, 65), [= 8.0 Unit : sets   Phrase: 8 sets ]:(70, 76), [= 840.0 Unit :US$ Phrase: 840 dollars ]:(100, 111)]
Gold : 
Equation : NUM_5.0 MUL VAR_V1 ADD NUM_8.0 MUL VAR_V2 EQ NUM_840.0 VarTokens : [{V2=[14, 16], V1=[10, 11]}]
Gold weight : 2.9766467
Pred : 
Equation : VAR_V1 ADD NUM_5.0 MUL VAR_V2 ADD NUM_8.0 EQ NUM_840.0 VarTokens : [{V2=[10], V1=[6]}]
Pred weight : 7.3323116
Loss : 9.0
405 : Jordan 's salary is 1250 dollars a month plus a 5 % commission on all of his sales.
Quantities : [[= 1250.0 Unit :US$ Phrase: 1250 dollars a month ]:(20, 40), [= 0.05 Unit :percent Phrase: 5 % commission ]:(48, 62)]
Gold : 
Equation : VAR_V1 EQ NUM_1250.0 ADD NUM_0.05 MUL VAR_V2 VarTokens : [{V2=[17], V1=[0, 2]}]
Gold weight : 3.1496072
Pred : 
Equation : VAR_V1 EQ NUM_1250.0 ADD VAR_V2 MUL NUM_0.05 VarTokens : [{V2=[7], V1=[0]}]
Pred weight : 11.805155
Loss : 1.0
451 : One week she works in the office twice as long as she drives the tractor.
Quantities : [[= 1.0 Unit :week Phrase: one week ]:(0, 8), [= 2.0 Unit : Phrase: twice ]:(33, 38)]
Gold : 
Equation : VAR_V1 EQ NUM_2.0 MUL VAR_V2 VarTokens : [{V2=[12, 14], V1=[3, 6]}]
Gold weight : 0.7489724
Pred : 
Equation : VAR_V1 EQ VAR_V2 MUL NUM_2.0 VarTokens : [{V2=[0], V1=[0]}]
Pred weight : 4.048337
Loss : 2.0
459 : The Mainers won 24 more than twice as many games as they lost.
Quantities : [[> 24.0 Unit :  Phrase: 24 more ]:(16, 23), [= 2.0 Unit : Phrase: twice ]:(29, 34)]
Gold : 
Equation : VAR_V1 EQ NUM_24.0 ADD NUM_2.0 MUL VAR_V2 VarTokens : [{V2=[12], V1=[1, 2]}]
Gold weight : 0.52009195
Pred : 
Equation : VAR_V1 MUL NUM_24.0 ADD NUM_2.0 EQ VAR_V2 VarTokens : [{V2=[12], V1=[2]}]
Pred weight : 5.240714
Loss : 4.0
465 : The number of student tickets sold was two times the number of adult tickets sold.
Quantities : [[= 2.0 Unit :times Phrase: two times ]:(39, 48)]
Gold : 
Equation : VAR_V1 EQ NUM_2.0 MUL VAR_V2 VarTokens : [{V2=[10, 12, 13, 14], V1=[1, 3, 4, 5]}]
Gold weight : -0.8276491
Pred : 
Equation : VAR_V1 EQ NUM_2.0 MUL VAR_V2 VarTokens : [{V2=[10], V1=[6]}]
Pred weight : 4.685866
Loss : 1.0
493 : The cost includes an overhead of 81,000 dollars , plus production costs of 7,000 dollars per performance.
Quantities : [[= 81000.0 Unit :US$ Phrase: 81000 dollars ]:(33, 39), [= 7000.0 Unit :US$ Phrase: 7000 dollars per performance ]:(33, 39)]
Gold : 
Equation : VAR_V1 EQ NUM_81000.0 ADD NUM_7000.0 MUL VAR_V2 VarTokens : [{V2=[16], V1=[1, 2]}]
Gold weight : 1.3427769
Pred : 
Equation : NUM_81000.0 SUB NUM_7000.0 MUL VAR_V1 EQ VAR_V2 VarTokens : [{V2=[16], V1=[16]}]
Pred weight : 3.5611603
Loss : 5.0
522 : The number of 22-cent stamps is three more than four times the number of 40-cent stamps. 
Quantities : [[= 22.0 Unit : - cent stamps   Phrase: 22 - cent stamps ]:(14, 28), [> 3.0 Unit : Phrase: three more ]:(32, 42), [= 4.0 Unit :times Phrase: four times ]:(48, 58), [= 40.0 Unit : - cent stamps   Phrase: 40 - cent stamps ]:(73, 87)]
Gold : 
Equation : VAR_V1 EQ NUM_3.0 ADD NUM_4.0 MUL VAR_V2 VarTokens : [{V2=[12, 14, 15], V1=[1, 3, 4]}]
Gold weight : -0.033009708
Pred : 
Equation : VAR_V1 EQ NUM_3.0 ADD NUM_4.0 MUL VAR_V2 VarTokens : [{V2=[12], V1=[1]}]
Pred weight : 12.66938
Loss : 4.0
596 : The first plane is flying 25 mph slower than the second plane. 
Quantities : [[= 25.0 Unit : mph slower   Phrase: 25 mph slower ]:(26, 39)]
Gold : 
Equation : VAR_V1 EQ VAR_V2 SUB NUM_25.0 VarTokens : [{V2=[10, 11], V1=[1, 2, 3, 4]}]
Gold weight : -3.1749287
Pred : 
Equation : VAR_V1 EQ NUM_25.0 ADD VAR_V2 VarTokens : [{V2=[10], V1=[1]}]
Pred weight : 4.7618694
Loss : 4.0
999002 : April WTI oil up $1.59, to settle at $49.76/bbl on Nymex.
Quantities : [[= 1.59 Unit :US$ Phrase: $ 1.59 ]:(17, 22), [= 49.76 Unit :US$ Phrase: $ 49.76 / bbl ]:(37, 47)]
Gold : 
Equation : VAR_V1 ADD NUM_1.59 EQ NUM_49.76 VarTokens : [{V1=[0, 1]}]
Gold weight : 3.033278
Pred : 
Equation : VAR_V1 EQ NUM_49.76 SUB NUM_1.59 DIV VAR_V2 VarTokens : [{V2=[0], V1=[0]}]
Pred weight : 10.8873415
Loss : 12.0
999066 : U.K.'s FTSE opens 2 point lower at 6,885.24.
Quantities : [[< 2.0 Unit : point   Phrase: 2 point lower ]:(18, 31), [= 6885.24 Unit :   Phrase: 6885.24 ]:(35, 43)]
Gold : 
Equation : VAR_V1 SUB NUM_2.0 EQ NUM_6885.24 VarTokens : [{V1=[0, 2]}]
Gold weight : -3.0876017
Pred : 
Equation : VAR_V1 MUL NUM_2.0 EQ NUM_6885.24 VarTokens : [{V1=[0]}]
Pred weight : 5.0489497
Loss : 4.0
999150 : Mobile Mini raises quarterly dividend 10% to 18.7 cents a share.
Quantities : [[= 0.1 Unit :percent Phrase: 10 % ]:(38, 41), [= 0.187 Unit :US$ Phrase: 18.7 cents a share ]:(45, 63)]
Gold : 
Equation : VAR_V1 ADD NUM_0.1 MUL VAR_V2 EQ NUM_0.187 VarTokens : [{V2=[0, 1], V1=[0, 1]}]
Gold weight : -0.02118516
Pred : 
Equation : VAR_V1 MUL NUM_0.1 EQ NUM_0.187 VarTokens : [{V1=[0]}]
Pred weight : 7.6749196
Loss : 8.0
Accuracy : = 51.0 / 79 = 0.6455696202531646
Mistakes : [[999150, 273, 279, 337, 7, 283, 11, 133, 15, 405, 465, 17, 153, 459, 25, 333, 451, 389, 315, 107, 522, 493, 999066, 291, 596, 183, 999002, 121]]
5 : You have 160 dollars and save 7 dollars per week.
Quantities : [[= 160.0 Unit :US$ Phrase: 160 dollars ]:(9, 20), [= 7.0 Unit :US$ Phrase: 7 dollars per week ]:(30, 48)]
Gold : 
Equation : VAR_V1 EQ NUM_160.0 ADD NUM_7.0 MUL VAR_V2 VarTokens : [{V2=[9], V1=[1]}]
Gold weight : -0.11594215
Pred : 
Equation : NUM_160.0 ADD NUM_7.0 MUL VAR_V1 EQ VAR_V2 VarTokens : [{V2=[9], V1=[9]}]
Pred weight : 9.441858
Loss : 1.0
13 : A total of 10,000 dollars is invested in 2 funds paying 5 % and 7 % annual interest.
Quantities : [[= 10000.0 Unit :US$ Phrase: 10000 dollars ]:(11, 17), [= 2.0 Unit : funds   Phrase: 2 funds ]:(11, 17), [= 0.05 Unit :percent Phrase: 5 % ]:(11, 17), [= 0.07 Unit :percent Phrase: 7 % ]:(11, 17)]
Gold : 
Equation : VAR_V1 ADD VAR_V2 EQ NUM_10000.0 VarTokens : [{V2=[9, 15, 16, 17], V1=[9, 12]}]
Gold weight : -0.9907118
Pred : 
Equation : NUM_10000.0 EQ VAR_V1 ADD VAR_V2 VarTokens : [{V2=[10], V1=[9]}]
Pred weight : 3.7888808
Loss : 1.0
23 : The Kings won two less than three times as many games as they lost.
Quantities : [[< 2.0 Unit : Phrase: two less ]:(14, 22), [= 3.0 Unit :times Phrase: three times ]:(28, 39)]
Gold : 
Equation : VAR_V1 EQ NUM_3.0 MUL VAR_V2 SUB NUM_2.0 VarTokens : [{V2=[13], V1=[1, 2]}]
Gold weight : 0.8924683
Pred : 
Equation : VAR_V1 DIV NUM_3.0 SUB NUM_2.0 EQ VAR_V2 VarTokens : [{V2=[13], V1=[2]}]
Pred weight : 8.608717
Loss : 5.0
27 : Her ratio of time spent on aerobics to time spent on weight training is 3 to 2.
Quantities : [[ratio[= 3.0][= 2.0]]:(72, 78)]
Gold : 
Equation : VAR_V1 EQ NUM_1.5 MUL VAR_V2 VarTokens : [{V2=[8, 9, 11, 12], V1=[3, 4, 6]}]
Gold weight : -0.58829665
Pred : 
Equation : VAR_V1 EQ NUM_1.5 VarTokens : [{V1=[1]}]
Pred weight : 4.1889286
Loss : 8.0
41 : A bank teller has 54 5-dollar and 20-dollar bills in her cash drawer.
Quantities : [[= 54.0 Unit :   Phrase: 54 ]:(18, 20), [= 5.0 Unit :US$ Phrase: 5 - dollar ]:(21, 29), [= 20.0 Unit :US$ Phrase: 20 - dollar ]:(34, 43)]
Gold : 
Equation : VAR_V1 ADD VAR_V2 EQ NUM_54.0 VarTokens : [{V2=[7, 8], V1=[5]}]
Gold weight : -1.5100719
Pred : 
Equation : VAR_V1 EQ NUM_54.0 ADD VAR_V2 VarTokens : [{V2=[8], V1=[1]}]
Pred weight : 0.40705627
Loss : 9.0
57 : An investor will invest a total of 15000 dollars in 2 accounts , one paying 4 % annual simple interest and the other 3 %.
Quantities : [[= 15000.0 Unit :US$ Phrase: 15000 dollars ]:(35, 48), [= 2.0 Unit : accounts   Phrase: 2 accounts ]:(52, 62), [= 0.04 Unit :percent Phrase: 4 % ]:(76, 79), [= 0.03 Unit :percent Phrase: 3 % ]:(117, 120)]
Gold : 
Equation : VAR_V1 ADD VAR_V2 EQ NUM_15000.0 VarTokens : [{V2=[11], V1=[11]}]
Gold weight : -0.62552977
Pred : 
Equation : NUM_15000.0 EQ VAR_V1 ADD VAR_V2 VarTokens : [{V2=[22], V1=[13]}]
Pred weight : 2.993933
Loss : 2.0
67 : If the wind was 0.5 times as strong and the bird flies against it , it could make only 30 kilometers per hour.
Quantities : [[= 0.5 Unit : times   Phrase: 0.5 times ]:(16, 25), [= 30.0 Unit : kilometers per hour   Phrase: 30 kilometers per hour ]:(87, 109)]
Gold : 
Equation : VAR_V1 SUB NUM_0.5 MUL VAR_V2 EQ NUM_30.0 VarTokens : [{V2=[2], V1=[10]}]
Gold weight : -1.2149004
Pred : 
Equation : VAR_V1 ADD VAR_V2 DIV NUM_0.5 EQ NUM_30.0 VarTokens : [{V2=[2], V1=[2]}]
Pred weight : 5.819411
Loss : 5.0
83 : Three times a number is the same as the difference of twice the number and seven.
Quantities : [[= 3.0 Unit :times Phrase: three times ]:(0, 11), [= 2.0 Unit : Phrase: twice ]:(54, 59), [= 7.0 Unit : Phrase: seven ]:(75, 80)]
Gold : 
Equation : NUM_3.0 MUL VAR_V1 EQ NUM_2.0 MUL VAR_V2 SUB NUM_7.0 VarTokens : [{V2=[13], V1=[3]}]
Gold weight : -0.26001352
Pred : 
Equation : NUM_3.0 MUL VAR_V1 EQ VAR_V2 MUL NUM_2.0 ADD NUM_7.0 VarTokens : [{V2=[9], V1=[3]}]
Pred weight : 16.36732
Loss : 5.0
95 : The second number is 2 less than the first.
Quantities : [[< 2.0 Unit :   Phrase: 2 less ]:(21, 27)]
Gold : 
Equation : VAR_V1 EQ VAR_V2 SUB NUM_2.0 VarTokens : [{V2=[8], V1=[1, 2]}]
Gold weight : -0.9210632
Pred : 
Equation : VAR_V1 EQ NUM_2.0 MUL VAR_V2 VarTokens : [{V2=[8], V1=[1]}]
Pred weight : 3.5262485
Loss : 4.0
115 : A company 's profit for the first half of the year is 2,750,000 dollars greater than the profit for the second half.
Quantities : [[> 2750000.0 Unit :US$ Phrase: 2750000 dollars greater ]:(54, 63)]
Gold : 
Equation : VAR_V1 EQ NUM_2750000.0 ADD VAR_V2 VarTokens : [{V2=[17, 20, 21], V1=[1, 3, 6, 7, 10]}]
Gold weight : -0.7361311
Pred : 
Equation : NUM_2750000.0 ADD VAR_V1 EQ VAR_V2 VarTokens : [{V2=[20], V1=[20]}]
Pred weight : 6.626291
Loss : 1.0
167 : The first agency charges 20.25 dollars per day and 0.14 dollars per mile. 
Quantities : [[= 20.25 Unit :US$ Phrase: 20.25 dollars per day ]:(25, 46), [= 0.14 Unit :US$ Phrase: 0.14 dollars per mile ]:(51, 72)]
Gold : 
Equation : VAR_V1 EQ NUM_20.25 ADD NUM_0.14 MUL VAR_V2 VarTokens : [{V2=[12], V1=[1, 2, 3]}]
Gold weight : 1.3759618
Pred : 
Equation : NUM_20.25 ADD NUM_0.14 MUL VAR_V1 EQ VAR_V2 VarTokens : [{V2=[12], V1=[12]}]
Pred weight : 8.521841
Loss : 1.0
177 : She can buy four roses and five daisies for 7.90 dollars.
Quantities : [[= 4.0 Unit :roses Phrase: four roses ]:(12, 22), [= 5.0 Unit :daisies Phrase: five daisies ]:(27, 39), [= 7.9 Unit :US$ Phrase: 7.90 dollars ]:(44, 56)]
Gold : 
Equation : NUM_4.0 MUL VAR_V1 ADD NUM_5.0 MUL VAR_V2 EQ NUM_7.9 VarTokens : [{V2=[7], V1=[4]}]
Gold weight : 2.2341132
Pred : 
Equation : VAR_V1 MUL NUM_4.0 ADD NUM_5.0 EQ NUM_7.9 VarTokens : [{V1=[2]}]
Pred weight : 5.3625484
Loss : 8.0
181 : 17 is 4 less than 8 times a number.
Quantities : [[= 17.0 Unit :   Phrase: 17 ]:(0, 2), [< 4.0 Unit :   Phrase: 4 less ]:(6, 12), [= 8.0 Unit : times   Phrase: 8 times ]:(18, 25)]
Gold : 
Equation : NUM_8.0 MUL VAR_V1 SUB NUM_4.0 EQ NUM_17.0 VarTokens : [{V1=[8]}]
Gold weight : -3.1744368
Pred : 
Equation : NUM_17.0 EQ NUM_8.0 SUB NUM_4.0 MUL VAR_V1 VarTokens : [{V1=[8]}]
Pred weight : 10.837857
Loss : 4.0
203 : They lost 21 more games than they won.
Quantities : [[> 21.0 Unit : games   Phrase: 21 more games ]:(10, 23)]
Gold : 
Equation : VAR_V1 EQ NUM_21.0 ADD VAR_V2 VarTokens : [{V2=[7], V1=[1]}]
Gold weight : -1.9560843
Pred : 
Equation : NUM_21.0 ADD VAR_V1 EQ VAR_V2 VarTokens : [{V2=[7], V1=[7]}]
Pred weight : 4.893958
Loss : 1.0
247 : Think of a number , half it and the result is 9.
Quantities : [[= 0.5 Unit :it Phrase: half it ]:(20, 27), [= 9.0 Unit :   Phrase: 9 ]:(46, 47)]
Gold : 
Equation : NUM_0.5 MUL VAR_V1 EQ NUM_9.0 VarTokens : [{V1=[3]}]
Gold weight : -0.26820523
Pred : 
Equation : VAR_V1 MUL NUM_0.5 EQ NUM_9.0 VarTokens : [{V1=[0]}]
Pred weight : 6.881467
Loss : 1.0
265 : Two investments are made totaling 8800 dollars.
Quantities : [[= 2.0 Unit :investments Phrase: two investments ]:(0, 15), [= 8800.0 Unit :US$ Phrase: 8800 dollars ]:(34, 46)]
Gold : 
Equation : VAR_V1 ADD VAR_V2 EQ NUM_8800.0 VarTokens : [{V2=[1], V1=[1]}]
Gold weight : -1.6988755
Pred : 
Equation : VAR_V1 EQ NUM_8800.0 VarTokens : [{V1=[3]}]
Pred weight : -0.09293234
Loss : 8.0
303 : The school took 246 dollars on the second day by selling 12 senior citizen tickets and 10 student tickets.
Quantities : [[= 246.0 Unit :US$ Phrase: 246 dollars ]:(16, 27), [= 12.0 Unit : senior citizen tickets   Phrase: 12 senior citizen tickets ]:(57, 82), [= 10.0 Unit : student tickets   Phrase: 10 student tickets ]:(87, 105)]
Gold : 
Equation : NUM_12.0 MUL VAR_V1 ADD NUM_10.0 MUL VAR_V2 EQ NUM_246.0 VarTokens : [{V2=[17, 18], V1=[12, 13, 14]}]
Gold weight : 2.5348244
Pred : 
Equation : NUM_246.0 EQ VAR_V1 MUL NUM_12.0 ADD NUM_10.0 MUL VAR_V2 VarTokens : [{V2=[17], V1=[7]}]
Pred weight : 11.476894
Loss : 1.0
317 : The total number of DVDs and CDs sold that day was 273.
Quantities : [[= 273.0 Unit :   Phrase: 273 ]:(51, 54)]
Gold : 
Equation : VAR_V1 ADD VAR_V2 EQ NUM_273.0 VarTokens : [{V2=[6], V1=[4]}]
Gold weight : -2.1273525
Pred : 
Equation : VAR_V1 ADD VAR_V2 EQ NUM_273.0 VarTokens : [{V2=[9], V1=[1]}]
Pred weight : 2.6051207
Loss : 2.0
319 : The cost of a child 's ticket was 4 dollars less than the cost of an adult 's ticket.
Quantities : [[< 4.0 Unit :US$ Phrase: 4 dollars less ]:(34, 48)]
Gold : 
Equation : VAR_V1 EQ VAR_V2 SUB NUM_4.0 VarTokens : [{V2=[13, 16, 18], V1=[1, 4, 6]}]
Gold weight : -1.4654316
Pred : 
Equation : VAR_V1 MUL NUM_4.0 EQ VAR_V2 VarTokens : [{V2=[18], V1=[1]}]
Pred weight : 1.3470982
Loss : 5.0
325 : Honda day shift produced 4 times as much as second shift.
Quantities : [[= 4.0 Unit : times   Phrase: 4 times ]:(25, 32)]
Gold : 
Equation : VAR_V1 EQ NUM_4.0 MUL VAR_V2 VarTokens : [{V2=[9, 10], V1=[0, 1, 2, 3]}]
Gold weight : 0.95336026
Pred : 
Equation : NUM_4.0 MUL VAR_V1 EQ VAR_V2 VarTokens : [{V2=[9], V1=[9]}]
Pred weight : 4.2125235
Loss : 1.0
479 : The total number of Democrats and Republicans in the House of Representatives was 434.
Quantities : [[= 434.0 Unit :   Phrase: 434 ]:(82, 85)]
Gold : 
Equation : VAR_V1 ADD VAR_V2 EQ NUM_434.0 VarTokens : [{V2=[6], V1=[4]}]
Gold weight : -1.7388079
Pred : 
Equation : VAR_V1 ADD VAR_V2 EQ NUM_434.0 VarTokens : [{V2=[9], V1=[1]}]
Pred weight : 2.1078105
Loss : 2.0
526 : When five is added to three more than a certain number, the result is 19.
Quantities : [[= 5.0 Unit : Phrase: five ]:(5, 9), [> 3.0 Unit : Phrase: three more ]:(22, 32), [= 19.0 Unit :   Phrase: 19 ]:(70, 72)]
Gold : 
Equation : NUM_5.0 ADD NUM_3.0 ADD VAR_V1 EQ NUM_19.0 VarTokens : [{V1=[9, 10]}]
Gold weight : 0.02218172
Pred : 
Equation : NUM_3.0 MUL VAR_V1 SUB NUM_5.0 EQ NUM_19.0 VarTokens : [{V1=[9]}]
Pred weight : 11.944104
Loss : 4.0
580 : The age of the older of two boys is twice that of the younger.
Quantities : [[= 2.0 Unit :boys Phrase: two boys ]:(24, 32), [= 2.0 Unit : Phrase: twice ]:(36, 41)]
Gold : 
Equation : VAR_V1 EQ NUM_2.0 MUL VAR_V2 VarTokens : [{V2=[13], V1=[1, 4, 7]}]
Gold weight : 1.3160987
Pred : 
Equation : VAR_V1 MUL NUM_2.0 EQ VAR_V2 VarTokens : [{V2=[7], V1=[1]}]
Pred weight : 3.377634
Loss : 1.0
605 : Four less than eight times a certain number is 660.
Quantities : [[< 4.0 Unit : Phrase: four less ]:(0, 9), [= 8.0 Unit :times Phrase: eight times ]:(15, 26), [= 660.0 Unit :   Phrase: 660 ]:(47, 50)]
Gold : 
Equation : NUM_8.0 MUL VAR_V1 SUB NUM_4.0 EQ NUM_660.0 VarTokens : [{V1=[6, 7]}]
Gold weight : -0.5277832
Pred : 
Equation : NUM_8.0 SUB NUM_4.0 MUL VAR_V1 EQ NUM_660.0 VarTokens : [{V1=[6]}]
Pred weight : 12.404642
Loss : 4.0
655 : Eileen inherits 20,000 dollars and decides to invest the money in two accounts, part in a certificate of deposit that pays 3% interest per year, and the rest in a mutual fund that pays 5% per year. 
Quantities : [[= 20000.0 Unit :US$ Phrase: 20000 dollars ]:(16, 22), [= 2.0 Unit :accounts Phrase: two accounts ]:(16, 22), [= 0.03 Unit :percent Phrase: 3 % interest per year ]:(16, 22), [= 0.05 Unit :percent Phrase: 5 % per year ]:(16, 22)]
Gold : 
Equation : VAR_V1 ADD VAR_V2 EQ NUM_20000.0 VarTokens : [{V2=[30, 33, 34, 36, 38, 40], V1=[14, 17, 19, 21, 23, 24, 26]}]
Gold weight : -0.82370627
Pred : 
Equation : NUM_20000.0 EQ VAR_V1 ADD VAR_V2 VarTokens : [{V2=[12], V1=[12]}]
Pred weight : 5.890155
Loss : 2.0
999078 : Priceline shares surge 7.1% to $1,203.11.
Quantities : [[= 0.071 Unit :percent Phrase: 7.1 % ]:(23, 27), [= 1203.11 Unit :US$ Phrase: $ 1203.11 ]:(31, 40)]
Gold : 
Equation : VAR_V1 ADD NUM_0.071 MUL VAR_V2 EQ NUM_1203.11 VarTokens : [{V2=[0, 1], V1=[0, 1]}]
Gold weight : 2.318834
Pred : 
Equation : VAR_V1 ADD VAR_V2 MUL NUM_0.071 EQ NUM_1203.11 VarTokens : [{V2=[2], V1=[1]}]
Pred weight : 9.116897
Loss : 5.0
PROBLEM HERE
999082 : Four-week claims average declines 6,500 to 283,250.
Quantities : [[= 4.0 Unit :week claims Phrase: four - week claims ]:(0, 16), [= 6500.0 Unit :   Phrase: 6500 ]:(34, 39), [= 283250.0 Unit :   Phrase: 283250 ]:(34, 39)]
Gold : 
Equation : VAR_V1 EQ NUM_283250.0 SUB NUM_6500.0 VarTokens : [{V1=[0, 1, 2, 3]}]
Gold weight : 1.782264
Pred : 
Equation : VAR_V1 MUL NUM_283250.0 EQ NUM_6500.0 VarTokens : [{V1=[1]}]
Pred weight : -0.5113003
Loss : 8.0
999124 : Transocean stock price target cut to $6 from $16 at Deutsche Bank.
Quantities : [[= 6.0 Unit :US$ Phrase: $ 6 ]:(37, 39), [= 16.0 Unit :US$ Phrase: $ 16 ]:(45, 48)]
Gold : 
Equation : VAR_V1 EQ NUM_16.0 SUB NUM_6.0 VarTokens : [{V1=[0, 1, 2, 3, 4]}]
Gold weight : 1.5292593
Pred : 
Equation : VAR_V1 EQ NUM_6.0 SUB NUM_16.0 VarTokens : [{V1=[0]}]
Pred weight : 7.217053
Loss : 2.0
Accuracy : = 52.0 / 80 = 0.65
Mistakes : [[999082, 479, 5, 203, 67, 999078, 13, 325, 83, 23, 95, 27, 265, 655, 580, 526, 41, 167, 317, 319, 115, 999124, 247, 57, 177, 605, 181, 303]]
5-fold CV : 0.6641772151898734
